[2025-01-10 20:51:45,821: INFO: main: Welcome to our custom log]
[2025-01-13 23:34:54,093: INFO: common: yaml file: config\config.yaml loaded successfully]
[2025-01-13 23:34:54,102: INFO: common: yaml file: params.yaml loaded successfully]
[2025-01-13 23:34:54,110: INFO: common: created directory at: artifacts]
[2025-01-13 23:34:54,110: INFO: common: created directory at: artifacts/data_ingestion]
[2025-01-13 23:34:54,110: INFO: 986331348: Downloading data from https://drive.google.com/file/d/126RxZz9GlPf4NhZEaxsZbNwTdMbchYJz/view?usp=drive_link into file artifacts/data_ingestion/data.zip]
[2025-01-13 23:35:55,272: INFO: 986331348: Downloaded data from https://drive.google.com/file/d/126RxZz9GlPf4NhZEaxsZbNwTdMbchYJz/view?usp=drive_link into file artifacts/data_ingestion/data.zip]
[2025-01-14 01:09:53,556: INFO: main: >>>>>> stage Data Ingestion stage started <<<<<<]
[2025-01-14 01:09:53,564: INFO: common: yaml file: config\config.yaml loaded successfully]
[2025-01-14 01:09:53,564: INFO: common: yaml file: params.yaml loaded successfully]
[2025-01-14 01:09:53,564: INFO: common: created directory at: artifacts]
[2025-01-14 01:09:53,564: INFO: common: created directory at: artifacts/data_ingestion]
[2025-01-14 01:09:53,564: INFO: data_ingestion: Downloading data from https://drive.google.com/file/d/126RxZz9GlPf4NhZEaxsZbNwTdMbchYJz/view?usp=drive_link into file artifacts/data_ingestion/data.zip]
[2025-01-14 01:10:45,802: INFO: data_ingestion: Downloaded data from https://drive.google.com/file/d/126RxZz9GlPf4NhZEaxsZbNwTdMbchYJz/view?usp=drive_link into file artifacts/data_ingestion/data.zip]
[2025-01-14 01:10:56,410: INFO: main: >>>>>> stage Data Ingestion stage completed <<<<<<

x==========x]
[2025-01-14 23:03:47,371: INFO: common: yaml file: config\config.yaml loaded successfully]
[2025-01-14 23:03:47,397: INFO: common: yaml file: params.yaml loaded successfully]
[2025-01-14 23:03:47,405: INFO: common: created directory at: artifacts]
[2025-01-14 23:03:47,410: INFO: common: created directory at: artifacts/prepare_base_model]
[2025-01-14 23:13:35,951: INFO: common: yaml file: config\config.yaml loaded successfully]
[2025-01-14 23:13:35,961: INFO: common: yaml file: params.yaml loaded successfully]
[2025-01-14 23:13:35,970: INFO: common: created directory at: artifacts]
[2025-01-14 23:13:35,976: INFO: common: created directory at: artifacts/prepare_base_model]
[2025-01-14 23:13:43,535: WARNING: saving_utils: Compiled the loaded model, but the compiled metrics have yet to be built. `model.compile_metrics` will be empty until you train or evaluate the model.]
[2025-01-14 23:46:07,587: INFO: main: >>>>>> stage Data Ingestion stage started <<<<<<]
[2025-01-14 23:46:07,587: INFO: common: yaml file: config\config.yaml loaded successfully]
[2025-01-14 23:46:07,587: INFO: common: yaml file: params.yaml loaded successfully]
[2025-01-14 23:46:07,587: INFO: common: created directory at: artifacts]
[2025-01-14 23:46:07,587: INFO: common: created directory at: artifacts/data_ingestion]
[2025-01-14 23:46:07,587: INFO: data_ingestion: Downloading data from https://drive.google.com/file/d/126RxZz9GlPf4NhZEaxsZbNwTdMbchYJz/view?usp=drive_link into file artifacts/data_ingestion/data.zip]
[2025-01-14 23:47:29,574: INFO: data_ingestion: Downloaded data from https://drive.google.com/file/d/126RxZz9GlPf4NhZEaxsZbNwTdMbchYJz/view?usp=drive_link into file artifacts/data_ingestion/data.zip]
[2025-01-14 23:47:40,528: INFO: main: >>>>>> stage Data Ingestion stage completed <<<<<<

x==========x]
[2025-01-14 23:47:40,528: INFO: main: *******************]
[2025-01-14 23:47:40,528: INFO: main: >>>>>> stage Prepare base model started <<<<<<]
[2025-01-14 23:47:40,543: INFO: common: yaml file: config\config.yaml loaded successfully]
[2025-01-14 23:47:40,543: INFO: common: yaml file: params.yaml loaded successfully]
[2025-01-14 23:47:40,543: INFO: common: created directory at: artifacts]
[2025-01-14 23:47:40,543: INFO: common: created directory at: artifacts/prepare_base_model]
[2025-01-14 23:47:41,145: WARNING: saving_utils: Compiled the loaded model, but the compiled metrics have yet to be built. `model.compile_metrics` will be empty until you train or evaluate the model.]
[2025-01-14 23:47:41,426: INFO: main: >>>>>> stage Prepare base model completed <<<<<<

x==========x]
